<?xml version="1.0" encoding="UTF-8"?>
<!-- Generated by org.testng.reporters.JUnitReportReporter -->
<testsuite skipped="0" hostname="ILTLV953" name="myTodoProject.tests.AddRemoveToDoItemTest" tests="2" failures="0" timestamp="01 Jan 2018 14:35:20 GMT" time="61.412" errors="0">
  <testcase name="removeItemFromList" time="60.627" classname="myTodoProject.tests.AddRemoveToDoItemTest"/>
  <testcase name="addItemToList" time="0.785" classname="myTodoProject.tests.AddRemoveToDoItemTest"/>
</testsuite> <!-- myTodoProject.tests.AddRemoveToDoItemTest -->
