<?xml version="1.0" encoding="UTF-8"?>
<!-- Generated by org.testng.reporters.JUnitReportReporter -->
<testsuite skipped="0" hostname="ILTLV953" name="myTodoProject.tests.FirstTest" tests="1" failures="0" timestamp="30 Dec 2017 16:32:06 GMT" time="17.226" errors="0">
  <testcase name="firstTest" time="17.226" classname="myTodoProject.tests.FirstTest"/>
</testsuite> <!-- myTodoProject.tests.FirstTest -->
