<?xml version="1.0" encoding="UTF-8"?>
<!-- Generated by org.testng.reporters.JUnitReportReporter -->
<testsuite skipped="0" hostname="ILTLV953" name="myTodoProject.tests.MarkAsCompleteTest" tests="2" failures="0" timestamp="01 Jan 2018 14:35:20 GMT" time="1.837" errors="0">
  <testcase name="markItemAsComplete" time="0.523" classname="myTodoProject.tests.MarkAsCompleteTest"/>
  <testcase name="markAllItemsAsComplete" time="1.314" classname="myTodoProject.tests.MarkAsCompleteTest"/>
</testsuite> <!-- myTodoProject.tests.MarkAsCompleteTest -->
