<?xml version="1.0" encoding="UTF-8"?>
<!-- Generated by org.testng.reporters.JUnitReportReporter -->
<testsuite skipped="0" hostname="ILTLV953" name="myTodoProject.tests.ClearCompletedTest" tests="1" failures="0" timestamp="01 Jan 2018 14:35:20 GMT" time="30.759" errors="0">
  <testcase name="clearCompletedTest" time="30.759" classname="myTodoProject.tests.ClearCompletedTest"/>
</testsuite> <!-- myTodoProject.tests.ClearCompletedTest -->
