<?xml version="1.0" encoding="UTF-8"?>
<!-- Generated by org.testng.reporters.JUnitReportReporter -->
<testsuite skipped="0" hostname="ILTLV953" name="myTodoProject.tests.AddItemToListTest" tests="2" failures="0" timestamp="31 Dec 2017 17:44:28 GMT" time="30.932" errors="0">
  <testcase name="removeItemFromList" time="30.492" classname="myTodoProject.tests.AddItemToListTest"/>
  <testcase name="addItemToList" time="0.440" classname="myTodoProject.tests.AddItemToListTest"/>
</testsuite> <!-- myTodoProject.tests.AddItemToListTest -->
